2026-01-06 20:58:27,154 - INFO - ✅ Login สำเร็จ
2026-01-06 20:58:27,245 - INFO - ✅ ดึงข้อมูลสำเร็จ - พบ 10 รายการ
2026-01-06 20:58:27,257 - INFO - 💾 บันทึก CSV: data_yna2025\vote_20260106_205827.csv
2026-01-06 20:58:27,257 - INFO - 💾 บันทึก JSON: data_yna2025\vote_20260106_205827.json
2026-01-06 21:01:32,801 - INFO - ✅ Login สำเร็จ
2026-01-06 21:01:32,894 - INFO - ✅ ดึงข้อมูลสำเร็จ - พบ 10 รายการ
2026-01-06 21:01:32,899 - INFO - 💾 บันทึก CSV: data_yna2025\vote_20260106_210132.csv
2026-01-06 21:01:32,900 - INFO - 💾 บันทึก JSON: data_yna2025\vote_20260106_210132.json
2026-01-06 21:03:26,506 - INFO - 🚀 เริ่มระบบดึงผลโหวตทุก 1 ชั่วโมง
2026-01-06 21:03:27,286 - INFO - ✅ Login สำเร็จ
2026-01-06 21:03:27,393 - INFO - ✅ ดึงข้อมูลสำเร็จ - พบ 10 รายการ
2026-01-06 21:03:27,395 - INFO - 💾 บันทึก CSV: data_yna2025\vote_20260106_210327.csv
2026-01-06 21:03:27,396 - INFO - 💾 บันทึก JSON: data_yna2025\vote_20260106_210327.json
2026-01-06 21:07:07,145 - INFO - 🚀 เริ่มระบบดึงผลโหวตทุก 1 ชั่วโมง
2026-01-06 21:07:07,957 - INFO - ✅ Login สำเร็จ
2026-01-06 21:07:08,057 - INFO - ✅ ดึงข้อมูลสำเร็จ - พบ 10 รายการ
2026-01-06 21:07:08,062 - INFO - 💾 บันทึก CSV: data_yna2025\vote_20260106_210708.csv
2026-01-06 21:07:08,062 - INFO - 💾 บันทึก JSON: data_yna2025\vote_20260106_210708.json
2026-01-06 22:07:08,691 - INFO - ✅ ดึงข้อมูลสำเร็จ - พบ 10 รายการ
2026-01-06 22:07:08,693 - INFO - 💾 บันทึก CSV: data_yna2025\vote_20260106_220708.csv
2026-01-06 22:07:08,694 - INFO - 💾 บันทึก JSON: data_yna2025\vote_20260106_220708.json
2026-01-06 23:07:09,271 - INFO - ✅ ดึงข้อมูลสำเร็จ - พบ 10 รายการ
2026-01-06 23:07:09,663 - INFO - 💾 บันทึก CSV: data_yna2025\vote_20260106_230709.csv
2026-01-06 23:07:09,664 - INFO - 💾 บันทึก JSON: data_yna2025\vote_20260106_230709.json
2026-01-07 00:07:10,264 - INFO - ✅ ดึงข้อมูลสำเร็จ - พบ 10 รายการ
2026-01-07 00:07:10,266 - INFO - 💾 บันทึก CSV: data_yna2025\vote_20260107_000710.csv
2026-01-07 00:07:10,266 - INFO - 💾 บันทึก JSON: data_yna2025\vote_20260107_000710.json
2026-01-07 01:07:10,839 - INFO - ✅ ดึงข้อมูลสำเร็จ - พบ 10 รายการ
2026-01-07 01:07:13,618 - INFO - 💾 บันทึก CSV: data_yna2025\vote_20260107_010710.csv
2026-01-07 01:07:13,619 - INFO - 💾 บันทึก JSON: data_yna2025\vote_20260107_010710.json
2026-01-07 02:07:14,171 - INFO - ✅ ดึงข้อมูลสำเร็จ - พบ 10 รายการ
2026-01-07 02:07:14,173 - INFO - 💾 บันทึก CSV: data_yna2025\vote_20260107_020714.csv
2026-01-07 02:07:14,173 - INFO - 💾 บันทึก JSON: data_yna2025\vote_20260107_020714.json
2026-01-07 03:07:14,734 - INFO - ✅ ดึงข้อมูลสำเร็จ - พบ 10 รายการ
2026-01-07 03:07:15,115 - INFO - 💾 บันทึก CSV: data_yna2025\vote_20260107_030714.csv
2026-01-07 03:07:15,116 - INFO - 💾 บันทึก JSON: data_yna2025\vote_20260107_030714.json
2026-01-07 04:07:25,318 - INFO - ✅ ดึงข้อมูลสำเร็จ - พบ 10 รายการ
2026-01-07 04:07:25,320 - INFO - 💾 บันทึก CSV: data_yna2025\vote_20260107_040725.csv
2026-01-07 04:07:25,320 - INFO - 💾 บันทึก JSON: data_yna2025\vote_20260107_040725.json
2026-01-07 05:07:25,838 - INFO - ✅ ดึงข้อมูลสำเร็จ - พบ 10 รายการ
2026-01-07 05:07:26,359 - INFO - 💾 บันทึก CSV: data_yna2025\vote_20260107_050725.csv
2026-01-07 05:07:26,360 - INFO - 💾 บันทึก JSON: data_yna2025\vote_20260107_050725.json
2026-01-07 06:07:27,089 - INFO - ✅ ดึงข้อมูลสำเร็จ - พบ 10 รายการ
2026-01-07 06:07:27,091 - INFO - 💾 บันทึก CSV: data_yna2025\vote_20260107_060727.csv
2026-01-07 06:07:27,091 - INFO - 💾 บันทึก JSON: data_yna2025\vote_20260107_060727.json
2026-01-07 07:07:27,643 - INFO - ✅ ดึงข้อมูลสำเร็จ - พบ 10 รายการ
2026-01-07 07:07:28,017 - INFO - 💾 บันทึก CSV: data_yna2025\vote_20260107_070727.csv
2026-01-07 07:07:28,017 - INFO - 💾 บันทึก JSON: data_yna2025\vote_20260107_070727.json
2026-01-07 08:07:28,573 - INFO - ✅ ดึงข้อมูลสำเร็จ - พบ 10 รายการ
2026-01-07 08:07:28,938 - INFO - 💾 บันทึก CSV: data_yna2025\vote_20260107_080728.csv
2026-01-07 08:07:28,940 - INFO - 💾 บันทึก JSON: data_yna2025\vote_20260107_080728.json
2026-01-07 09:07:29,574 - INFO - ✅ ดึงข้อมูลสำเร็จ - พบ 10 รายการ
2026-01-07 09:07:29,576 - INFO - 💾 บันทึก CSV: data_yna2025\vote_20260107_090729.csv
2026-01-07 09:07:29,577 - INFO - 💾 บันทึก JSON: data_yna2025\vote_20260107_090729.json
2026-01-07 10:07:30,227 - INFO - ✅ ดึงข้อมูลสำเร็จ - พบ 10 รายการ
2026-01-07 10:07:30,604 - INFO - 💾 บันทึก CSV: data_yna2025\vote_20260107_100730.csv
2026-01-07 10:07:30,605 - INFO - 💾 บันทึก JSON: data_yna2025\vote_20260107_100730.json
2026-01-07 11:07:31,183 - INFO - ✅ ดึงข้อมูลสำเร็จ - พบ 10 รายการ
2026-01-07 11:07:31,185 - INFO - 💾 บันทึก CSV: data_yna2025\vote_20260107_110731.csv
2026-01-07 11:07:31,186 - INFO - 💾 บันทึก JSON: data_yna2025\vote_20260107_110731.json
2026-01-07 12:07:31,891 - INFO - ✅ ดึงข้อมูลสำเร็จ - พบ 10 รายการ
2026-01-07 12:07:31,905 - INFO - 💾 บันทึก CSV: data_yna2025\vote_20260107_120731.csv
2026-01-07 12:07:31,906 - INFO - 💾 บันทึก JSON: data_yna2025\vote_20260107_120731.json
2026-01-07 13:07:32,547 - INFO - ✅ ดึงข้อมูลสำเร็จ - พบ 10 รายการ
2026-01-07 13:07:32,550 - INFO - 💾 บันทึก CSV: data_yna2025\vote_20260107_130732.csv
2026-01-07 13:07:32,551 - INFO - 💾 บันทึก JSON: data_yna2025\vote_20260107_130732.json
2026-01-07 14:07:33,221 - INFO - ✅ ดึงข้อมูลสำเร็จ - พบ 10 รายการ
2026-01-07 14:07:33,605 - INFO - 💾 บันทึก CSV: data_yna2025\vote_20260107_140733.csv
2026-01-07 14:07:33,605 - INFO - 💾 บันทึก JSON: data_yna2025\vote_20260107_140733.json
2026-01-07 15:07:34,330 - INFO - ✅ ดึงข้อมูลสำเร็จ - พบ 10 รายการ
2026-01-07 15:07:34,733 - INFO - 💾 บันทึก CSV: data_yna2025\vote_20260107_150734.csv
2026-01-07 15:07:34,735 - INFO - 💾 บันทึก JSON: data_yna2025\vote_20260107_150734.json
2026-01-07 16:07:35,322 - INFO - ✅ ดึงข้อมูลสำเร็จ - พบ 10 รายการ
2026-01-07 16:07:35,706 - INFO - 💾 บันทึก CSV: data_yna2025\vote_20260107_160735.csv
2026-01-07 16:07:35,707 - INFO - 💾 บันทึก JSON: data_yna2025\vote_20260107_160735.json
2026-01-07 17:07:36,267 - INFO - ✅ ดึงข้อมูลสำเร็จ - พบ 10 รายการ
2026-01-07 17:07:36,651 - INFO - 💾 บันทึก CSV: data_yna2025\vote_20260107_170736.csv
2026-01-07 17:07:36,652 - INFO - 💾 บันทึก JSON: data_yna2025\vote_20260107_170736.json
2026-01-07 18:07:37,263 - INFO - ✅ ดึงข้อมูลสำเร็จ - พบ 10 รายการ
2026-01-07 18:07:37,287 - INFO - 💾 บันทึก CSV: data_yna2025\vote_20260107_180737.csv
2026-01-07 18:07:37,287 - INFO - 💾 บันทึก JSON: data_yna2025\vote_20260107_180737.json
2026-01-07 19:07:37,988 - INFO - ✅ ดึงข้อมูลสำเร็จ - พบ 10 รายการ
2026-01-07 19:07:37,990 - INFO - 💾 บันทึก CSV: data_yna2025\vote_20260107_190737.csv
2026-01-07 19:07:37,991 - INFO - 💾 บันทึก JSON: data_yna2025\vote_20260107_190737.json
2026-01-07 20:07:38,572 - INFO - ✅ ดึงข้อมูลสำเร็จ - พบ 10 รายการ
2026-01-07 20:07:38,594 - INFO - 💾 บันทึก CSV: data_yna2025\vote_20260107_200738.csv
2026-01-07 20:07:38,595 - INFO - 💾 บันทึก JSON: data_yna2025\vote_20260107_200738.json
